\BOOKMARK [1][-]{section.1}{\376\377\225\356\230\230\200\314\146\157}{}% 1
\BOOKMARK [1][-]{section.2}{\376\377\225\356\230\230\116\000\166\204\122\006\147\220\116\016\154\102\211\343}{}% 2
\BOOKMARK [2][-]{subsection.2.1}{\376\377\225\356\230\230\116\000\166\204\122\006\147\220}{section.2}% 3
\BOOKMARK [2][-]{subsection.2.2}{\376\377\225\356\230\230\116\000\166\204\152\041\127\213\120\107\213\276}{section.2}% 4
\BOOKMARK [2][-]{subsection.2.3}{\376\377\225\356\230\230\116\000\166\204\152\041\127\213\147\204\136\372\116\016\154\102\211\343}{section.2}% 5
\BOOKMARK [3][-]{subsubsection.2.3.1}{\376\377\000K\217\321\220\273\173\227\154\325\377\010\000K\000N\000N\377\011\166\204\164\006\213\272\127\372\170\100\116\016\133\236\163\260}{subsection.2.3}% 6
\BOOKMARK [3][-]{subsubsection.2.3.2}{\376\377\133\371\123\237\131\313\145\160\143\156\166\204\123\330\143\142\131\004\164\006}{subsection.2.3}% 7
\BOOKMARK [3][-]{subsubsection.2.3.3}{\376\377\173\261\176\277\126\376\152\041\127\213\213\306\122\053\137\002\136\070\145\160\143\156}{subsection.2.3}% 8
\BOOKMARK [2][-]{subsection.2.4}{\376\377\143\317\217\360\140\047\176\337\213\241\122\006\147\220}{section.2}% 9
\BOOKMARK [2][-]{subsection.2.5}{\376\377\225\356\230\230\116\000\166\204\152\041\127\213\176\323\147\234\122\006\147\220}{section.2}% 10
\BOOKMARK [3][-]{subsubsection.2.5.1}{\376\377\145\160\143\156\130\153\210\145\145\110\147\234\122\006\147\220}{subsection.2.5}% 11
\BOOKMARK [3][-]{subsubsection.2.5.2}{\376\377\122\006\136\003\162\171\140\047\122\006\147\220}{subsection.2.5}% 12
\BOOKMARK [3][-]{subsubsection.2.5.3}{\376\377\152\041\127\213\120\107\213\276\232\214\213\301}{subsection.2.5}% 13
\BOOKMARK [3][-]{subsubsection.2.5.4}{\376\377\134\100\226\120\140\047\116\016\145\071\217\333\145\271\124\021}{subsection.2.5}% 14
\BOOKMARK [1][-]{section.3}{\376\377\225\356\230\230\116\214\166\204\122\006\147\220\116\016\154\102\211\343}{}% 15
\BOOKMARK [2][-]{subsection.3.1}{\376\377\225\356\230\230\116\214\166\204\122\006\147\220}{section.3}% 16
\BOOKMARK [2][-]{subsection.3.2}{\376\377\225\356\230\230\116\214\166\204\152\041\127\213\120\107\213\276}{section.3}% 17
\BOOKMARK [2][-]{subsection.3.3}{\376\377\225\356\230\230\116\214\166\204\152\041\127\213\147\204\136\372\116\016\154\102\211\343}{section.3}% 18
\BOOKMARK [3][-]{subsubsection.3.3.1}{\376\377\131\032\176\364\136\246\136\002\127\072\176\306\122\006}{subsection.3.3}% 19
\BOOKMARK [3][-]{subsubsection.3.3.2}{\376\377\143\317\217\360\140\047\176\337\213\241\122\006\147\220}{subsection.3.3}% 20
\BOOKMARK [3][-]{subsubsection.3.3.3}{\376\377\123\357\211\306\123\026\122\006\147\220}{subsection.3.3}% 21
\BOOKMARK [3][-]{subsubsection.3.3.4}{\376\377\136\002\127\072\157\134\127\050\176\317\204\045\116\367\120\074\122\006\147\220}{subsection.3.3}% 22
\BOOKMARK [3][-]{subsubsection.3.3.5}{\376\377\122\035\153\145\166\204\176\317\204\045\173\126\165\145\136\372\213\256}{subsection.3.3}% 23
\BOOKMARK [2][-]{subsection.3.4}{\376\377\225\356\230\230\116\214\166\204\152\041\127\213\176\323\147\234\122\006\147\220}{section.3}% 24
\BOOKMARK [3][-]{subsubsection.3.4.1}{\376\377\124\010\164\006\140\047\122\006\147\220}{subsection.3.4}% 25
\BOOKMARK [3][-]{subsubsection.3.4.2}{\376\377\134\100\226\120\140\047\122\006\147\220}{subsection.3.4}% 26
\BOOKMARK [1][-]{section.4}{\376\377\225\356\230\230\116\011\166\204\122\006\147\220\116\016\154\102\211\343}{}% 27
\BOOKMARK [2][-]{subsection.4.1}{\376\377\225\356\230\230\116\011\166\204\152\041\127\213\147\204\136\372\116\016\154\102\211\343}{section.4}% 28
\BOOKMARK [3][-]{subsubsection.4.1.1}{\376\377\160\160\202\162\121\163\200\124\136\246\166\204\121\306\131\007\135\345\117\134}{subsection.4.1}% 29
\BOOKMARK [3][-]{subsubsection.4.1.2}{\376\377\160\160\202\162\121\163\200\124\136\246\166\204\213\241\173\227}{subsection.4.1}% 30
\BOOKMARK [2][-]{subsection.4.2}{\376\377\152\041\127\213\176\323\147\234\122\006\147\220}{section.4}% 31
\BOOKMARK [2][-]{subsection.4.3}{\376\377\140\073\176\323}{section.4}% 32
\BOOKMARK [3][-]{subsubsection.4.3.1}{\376\377\117\030\160\271\116\016\116\015\215\263}{subsection.4.3}% 33
\BOOKMARK [3][-]{subsubsection.4.3.2}{\376\377\145\071\217\333\145\271\124\021}{subsection.4.3}% 34
\BOOKMARK [3][-]{subsubsection.4.3.3}{\376\377\163\260\133\236\136\372\213\256}{subsection.4.3}% 35
\BOOKMARK [3][-]{subsubsection.4.3.4}{\376\377\142\151\134\125\136\224\165\050}{subsection.4.3}% 36
\BOOKMARK [1][-]{section.5}{\376\377\225\356\230\230\126\333\166\204\122\006\147\220\116\016\154\102\211\343}{}% 37
\BOOKMARK [2][-]{subsection.5.1}{\376\377\225\356\230\230\126\333\166\204\122\006\147\220}{section.5}% 38
\BOOKMARK [2][-]{subsection.5.2}{\376\377\225\356\230\230\126\333\166\204\152\041\127\213\120\107\213\276}{section.5}% 39
\BOOKMARK [2][-]{subsection.5.3}{\376\377\225\356\230\230\126\333\166\204\152\041\127\213\147\204\136\372\116\016\154\102\211\343}{section.5}% 40
\BOOKMARK [3][-]{subsubsection.5.3.1}{\376\377\142\020\133\371\153\324\217\203\167\351\226\065\166\204\147\204\136\372}{subsection.5.3}% 41
\BOOKMARK [3][-]{subsubsection.5.3.2}{\376\377\137\122\116\000\123\026\116\016\147\103\221\315\213\241\173\227}{subsection.5.3}% 42
\BOOKMARK [3][-]{subsubsection.5.3.3}{\376\377\116\000\201\364\140\047\150\300\232\214}{subsection.5.3}% 43
\BOOKMARK [2][-]{subsection.5.4}{\376\377\133\232\116\367\173\126\165\145\133\236\145\275}{section.5}% 44
\BOOKMARK [2][-]{subsection.5.5}{\376\377\225\356\230\230\126\333\166\204\152\041\127\213\176\323\147\234\122\006\147\220}{section.5}% 45
\BOOKMARK [3][-]{subsubsection.5.5.1}{\376\377\152\041\127\213\154\102\211\343\176\323\147\234\166\204\150\070\137\303\176\323\213\272}{subsection.5.5}% 46
\BOOKMARK [3][-]{subsubsection.5.5.2}{\376\377\176\323\147\234\116\016\133\236\226\105\136\002\127\072\140\305\121\265\166\204\131\121\124\010\136\246}{subsection.5.5}% 47
\BOOKMARK [3][-]{subsubsection.5.5.3}{\376\377\152\041\127\213\145\071\217\333\145\271\124\021}{subsection.5.5}% 48
