This is pdfTeX, Version 3.141592653-2.6-1.40.26 (TeX Live 2024) (preloaded format=pdflatex 2024.10.24)  5 SEP 2025 16:39
entering extended mode
 restricted \write18 enabled.
 %&-line parsing enabled.
**document.tex
(./document.tex
LaTeX2e <2023-11-01> patch level 1
L3 programming layer <2024-02-20>
(d:/2--LaTex/TeXLive/texlive/2024/texmf-dist/tex/latex/base/article.cls
Document Class: article 2023/05/17 v1.4n Standard LaTeX document class
(d:/2--LaTex/TeXLive/texlive/2024/texmf-dist/tex/latex/base/size12.clo
File: size12.clo 2023/05/17 v1.4n Standard LaTeX file (size option)
)
\c@part=\count188
\c@section=\count189
\c@subsection=\count190
\c@subsubsection=\count191
\c@paragraph=\count192
\c@subparagraph=\count193
\c@figure=\count194
\c@table=\count195
\abovecaptionskip=\skip48
\belowcaptionskip=\skip49
\bibindent=\dimen140
)
(d:/2--LaTex/TeXLive/texlive/2024/texmf-dist/tex/latex/ctex/ctex.sty
(d:/2--LaTex/TeXLive/texlive/2024/texmf-dist/tex/latex/l3kernel/expl3.sty
Package: expl3 2024-02-20 L3 programming layer (loader) 

(d:/2--LaTex/TeXLive/texlive/2024/texmf-dist/tex/latex/l3backend/l3backend-pdft
ex.def
File: l3backend-pdftex.def 2024-02-20 L3 backend support: PDF output (pdfTeX)
\l__color_backend_stack_int=\count196
\l__pdf_internal_box=\box51
))
Package: ctex 2022/07/14 v2.5.10 Chinese adapter in LaTeX (CTEX)

(d:/2--LaTex/TeXLive/texlive/2024/texmf-dist/tex/latex/ctex/ctexhook.sty
Package: ctexhook 2022/07/14 v2.5.10 Document and package hooks (CTEX)
)
(d:/2--LaTex/TeXLive/texlive/2024/texmf-dist/tex/latex/ctex/ctexpatch.sty
Package: ctexpatch 2022/07/14 v2.5.10 Patching commands (CTEX)
)
(d:/2--LaTex/TeXLive/texlive/2024/texmf-dist/tex/latex/base/fix-cm.sty
Package: fix-cm 2020/11/24 v1.1t fixes to LaTeX

(d:/2--LaTex/TeXLive/texlive/2024/texmf-dist/tex/latex/base/ts1enc.def
File: ts1enc.def 2001/06/05 v3.0e (jk/car/fm) Standard LaTeX file
LaTeX Font Info:    Redeclaring font encoding TS1 on input line 47.
))
\l__ctex_tmp_int=\count197
\l__ctex_tmp_box=\box52
\l__ctex_tmp_dim=\dimen141
\g__ctex_section_depth_int=\count198
\g__ctex_font_size_int=\count199

(d:/2--LaTex/TeXLive/texlive/2024/texmf-dist/tex/latex/ctex/config/ctexopts.cfg
File: ctexopts.cfg 2022/07/14 v2.5.10 Option configuration file (CTEX)
)

Package ctex Warning: UTF8 will be used as the default encoding.


(d:/2--LaTex/TeXLive/texlive/2024/texmf-dist/tex/latex/ctex/engine/ctex-engine-
pdftex.def
File: ctex-engine-pdftex.def 2022/07/14 v2.5.10 (pdf)LaTeX adapter (CTEX)

(d:/2--LaTex/TeXLive/texlive/2024/texmf-dist/tex/latex/cjk/texinput/CJKutf8.sty
Package: CJKutf8 2021/10/16 4.8.5
(d:/2--LaTex/TeXLive/texlive/2024/texmf-dist/tex/generic/iftex/ifpdf.sty
Package: ifpdf 2019/10/25 v3.4 ifpdf legacy package. Use iftex instead.

(d:/2--LaTex/TeXLive/texlive/2024/texmf-dist/tex/generic/iftex/iftex.sty
Package: iftex 2022/02/03 v1.0f TeX engine tests
))
(d:/2--LaTex/TeXLive/texlive/2024/texmf-dist/tex/latex/base/inputenc.sty
Package: inputenc 2021/02/14 v1.3d Input encoding file
\inpenc@prehook=\toks17
\inpenc@posthook=\toks18
)
(d:/2--LaTex/TeXLive/texlive/2024/texmf-dist/tex/latex/cjk/texinput/CJK.sty
Package: CJK 2021/10/16 4.8.5

(d:/2--LaTex/TeXLive/texlive/2024/texmf-dist/tex/latex/cjk/texinput/mule/MULEen
c.sty
Package: MULEenc 2021/10/16 4.8.5
)
(d:/2--LaTex/TeXLive/texlive/2024/texmf-dist/tex/latex/cjk/texinput/CJK.enc
File: CJK.enc 2021/10/16 4.8.5
Now handling font encoding C00 ...
... no UTF-8 mapping file for font encoding C00
Now handling font encoding C05 ...
... no UTF-8 mapping file for font encoding C05
Now handling font encoding C09 ...
... no UTF-8 mapping file for font encoding C09
Now handling font encoding C10 ...
... no UTF-8 mapping file for font encoding C10
Now handling font encoding C20 ...
... no UTF-8 mapping file for font encoding C20
Now handling font encoding C19 ...
... no UTF-8 mapping file for font encoding C19
Now handling font encoding C40 ...
... no UTF-8 mapping file for font encoding C40
Now handling font encoding C42 ...
... no UTF-8 mapping file for font encoding C42
Now handling font encoding C43 ...
... no UTF-8 mapping file for font encoding C43
Now handling font encoding C50 ...
... no UTF-8 mapping file for font encoding C50
Now handling font encoding C52 ...
... no UTF-8 mapping file for font encoding C52
Now handling font encoding C49 ...
... no UTF-8 mapping file for font encoding C49
Now handling font encoding C60 ...
... no UTF-8 mapping file for font encoding C60
Now handling font encoding C61 ...
... no UTF-8 mapping file for font encoding C61
Now handling font encoding C63 ...
... no UTF-8 mapping file for font encoding C63
Now handling font encoding C64 ...
... no UTF-8 mapping file for font encoding C64
Now handling font encoding C65 ...
... no UTF-8 mapping file for font encoding C65
Now handling font encoding C70 ...
... no UTF-8 mapping file for font encoding C70
Now handling font encoding C31 ...
... no UTF-8 mapping file for font encoding C31
Now handling font encoding C32 ...
... no UTF-8 mapping file for font encoding C32
Now handling font encoding C33 ...
... no UTF-8 mapping file for font encoding C33
Now handling font encoding C34 ...
... no UTF-8 mapping file for font encoding C34
Now handling font encoding C35 ...
... no UTF-8 mapping file for font encoding C35
Now handling font encoding C36 ...
... no UTF-8 mapping file for font encoding C36
Now handling font encoding C37 ...
... no UTF-8 mapping file for font encoding C37
Now handling font encoding C80 ...
... no UTF-8 mapping file for font encoding C80
Now handling font encoding C81 ...
... no UTF-8 mapping file for font encoding C81
Now handling font encoding C01 ...
... no UTF-8 mapping file for font encoding C01
Now handling font encoding C11 ...
... no UTF-8 mapping file for font encoding C11
Now handling font encoding C21 ...
... no UTF-8 mapping file for font encoding C21
Now handling font encoding C41 ...
... no UTF-8 mapping file for font encoding C41
Now handling font encoding C62 ...
... no UTF-8 mapping file for font encoding C62
)
\CJK@indent=\box53
)
(d:/2--LaTex/TeXLive/texlive/2024/texmf-dist/tex/latex/base/fontenc.sty
Package: fontenc 2021/04/29 v2.0v Standard LaTeX package
))
(d:/2--LaTex/TeXLive/texlive/2024/texmf-dist/tex/latex/cjkpunct/CJKpunct.sty
Package: CJKpunct 2016/05/14 4.8.4
\CJKpunct@cnta=\count266
\CJKpunct@cntb=\count267
\CJKpunct@cntc=\count268
\CJKpunct@cntd=\count269
\CJKpunct@cnte=\count270
   defining Unicode char U+2018 (decimal 8216)
   defining Unicode char U+2019 (decimal 8217)
   defining Unicode char U+201C (decimal 8220)
   defining Unicode char U+201D (decimal 8221)
   defining Unicode char U+2014 (decimal 8212)
   defining Unicode char U+2026 (decimal 8230)

(d:/2--LaTex/TeXLive/texlive/2024/texmf-dist/tex/latex/cjkpunct/CJKpunct.spa))
(d:/2--LaTex/TeXLive/texlive/2024/texmf-dist/tex/latex/cjk/texinput/CJKspace.st
y
Package: CJKspace 2021/10/16 3.8.0
)
(d:/2--LaTex/TeXLive/texlive/2024/texmf-dist/tex/latex/cjk/texinput/UTF8/UTF8.b
dg
File: UTF8.bdg 2021/10/16 4.8.5
) (d:/2--LaTex/TeXLive/texlive/2024/texmf-dist/tex/latex/ctex/ctexspa.def
File: ctexspa.def 2022/07/14 v2.5.10 Space info for CJKpunct (CTEX)
)
\ccwd=\dimen142
\l__ctex_ccglue_skip=\skip50
)
\l__ctex_ziju_dim=\dimen143

(d:/2--LaTex/TeXLive/texlive/2024/texmf-dist/tex/latex/zhnumber/zhnumber.sty
Package: zhnumber 2022/07/14 v3.0 Typesetting numbers with Chinese glyphs
\l__zhnum_scale_int=\count271
\l__zhnum_tmp_int=\count272

(d:/2--LaTex/TeXLive/texlive/2024/texmf-dist/tex/latex/zhnumber/zhnumber-utf8.c
fg
File: zhnumber-utf8.cfg 2022/07/14 v3.0 Chinese numerals with UTF8 encoding
))
(d:/2--LaTex/TeXLive/texlive/2024/texmf-dist/tex/latex/ctex/scheme/ctex-scheme-
chinese.def
File: ctex-scheme-chinese.def 2022/07/14 v2.5.10 Chinese scheme for generic (CT
EX)

(d:/2--LaTex/TeXLive/texlive/2024/texmf-dist/tex/latex/ctex/config/ctex-name-ut
f8.cfg
File: ctex-name-utf8.cfg 2022/07/14 v2.5.10 Caption with encoding UTF-8 (CTEX)
))
(d:/2--LaTex/TeXLive/texlive/2024/texmf-dist/tex/latex/tools/indentfirst.sty
Package: indentfirst 2023/07/02 v1.03 Indent first paragraph (DPC)
)
(d:/2--LaTex/TeXLive/texlive/2024/texmf-dist/tex/latex/ctex/fontset/ctex-fontse
t-windows.def
File: ctex-fontset-windows.def 2022/07/14 v2.5.10 Windows fonts definition (CTE
X)
))
(d:/2--LaTex/TeXLive/texlive/2024/texmf-dist/tex/latex/ctex/config/ctex.cfg
File: ctex.cfg 2022/07/14 v2.5.10 Configuration file (CTEX)
)
(d:/2--LaTex/TeXLive/texlive/2024/texmf-dist/tex/latex/amsmath/amsmath.sty
Package: amsmath 2023/05/13 v2.17o AMS math features
\@mathmargin=\skip51

For additional information on amsmath, use the `?' option.
(d:/2--LaTex/TeXLive/texlive/2024/texmf-dist/tex/latex/amsmath/amstext.sty
Package: amstext 2021/08/26 v2.01 AMS text

(d:/2--LaTex/TeXLive/texlive/2024/texmf-dist/tex/latex/amsmath/amsgen.sty
File: amsgen.sty 1999/11/30 v2.0 generic functions
\@emptytoks=\toks19
\ex@=\dimen144
))
(d:/2--LaTex/TeXLive/texlive/2024/texmf-dist/tex/latex/amsmath/amsbsy.sty
Package: amsbsy 1999/11/29 v1.2d Bold Symbols
\pmbraise@=\dimen145
)
(d:/2--LaTex/TeXLive/texlive/2024/texmf-dist/tex/latex/amsmath/amsopn.sty
Package: amsopn 2022/04/08 v2.04 operator names
)
\inf@bad=\count273
LaTeX Info: Redefining \frac on input line 234.
\uproot@=\count274
\leftroot@=\count275
LaTeX Info: Redefining \overline on input line 399.
LaTeX Info: Redefining \colon on input line 410.
\classnum@=\count276
\DOTSCASE@=\count277
LaTeX Info: Redefining \ldots on input line 496.
LaTeX Info: Redefining \dots on input line 499.
LaTeX Info: Redefining \cdots on input line 620.
\Mathstrutbox@=\box54
\strutbox@=\box55
LaTeX Info: Redefining \big on input line 722.
LaTeX Info: Redefining \Big on input line 723.
LaTeX Info: Redefining \bigg on input line 724.
LaTeX Info: Redefining \Bigg on input line 725.
\big@size=\dimen146
LaTeX Font Info:    Redeclaring font encoding OML on input line 743.
LaTeX Font Info:    Redeclaring font encoding OMS on input line 744.
\macc@depth=\count278
LaTeX Info: Redefining \bmod on input line 905.
LaTeX Info: Redefining \pmod on input line 910.
LaTeX Info: Redefining \smash on input line 940.
LaTeX Info: Redefining \relbar on input line 970.
LaTeX Info: Redefining \Relbar on input line 971.
\c@MaxMatrixCols=\count279
\dotsspace@=\muskip16
\c@parentequation=\count280
\dspbrk@lvl=\count281
\tag@help=\toks20
\row@=\count282
\column@=\count283
\maxfields@=\count284
\andhelp@=\toks21
\eqnshift@=\dimen147
\alignsep@=\dimen148
\tagshift@=\dimen149
\tagwidth@=\dimen150
\totwidth@=\dimen151
\lineht@=\dimen152
\@envbody=\toks22
\multlinegap=\skip52
\multlinetaggap=\skip53
\mathdisplay@stack=\toks23
LaTeX Info: Redefining \[ on input line 2953.
LaTeX Info: Redefining \] on input line 2954.
)
(d:/2--LaTex/TeXLive/texlive/2024/texmf-dist/tex/latex/graphics/graphicx.sty
Package: graphicx 2021/09/16 v1.2d Enhanced LaTeX Graphics (DPC,SPQR)

(d:/2--LaTex/TeXLive/texlive/2024/texmf-dist/tex/latex/graphics/keyval.sty
Package: keyval 2022/05/29 v1.15 key=value parser (DPC)
\KV@toks@=\toks24
)
(d:/2--LaTex/TeXLive/texlive/2024/texmf-dist/tex/latex/graphics/graphics.sty
Package: graphics 2022/03/10 v1.4e Standard LaTeX Graphics (DPC,SPQR)

(d:/2--LaTex/TeXLive/texlive/2024/texmf-dist/tex/latex/graphics/trig.sty
Package: trig 2021/08/11 v1.11 sin cos tan (DPC)
)
(d:/2--LaTex/TeXLive/texlive/2024/texmf-dist/tex/latex/graphics-cfg/graphics.cf
g
File: graphics.cfg 2016/06/04 v1.11 sample graphics configuration
)
Package graphics Info: Driver file: pdftex.def on input line 107.

(d:/2--LaTex/TeXLive/texlive/2024/texmf-dist/tex/latex/graphics-def/pdftex.def
File: pdftex.def 2022/09/22 v1.2b Graphics/color driver for pdftex
))
\Gin@req@height=\dimen153
\Gin@req@width=\dimen154
) (d:/2--LaTex/TeXLive/texlive/2024/texmf-dist/tex/latex/tools/longtable.sty
Package: longtable 2023-11-01 v4.19 Multi-page Table package (DPC)
\LTleft=\skip54
\LTright=\skip55
\LTpre=\skip56
\LTpost=\skip57
\LTchunksize=\count285
\LTcapwidth=\dimen155
\LT@head=\box56
\LT@firsthead=\box57
\LT@foot=\box58
\LT@lastfoot=\box59
\LT@gbox=\box60
\LT@cols=\count286
\LT@rows=\count287
\c@LT@tables=\count288
\c@LT@chunks=\count289
\LT@p@ftn=\toks25
)
(d:/2--LaTex/TeXLive/texlive/2024/texmf-dist/tex/latex/booktabs/booktabs.sty
Package: booktabs 2020/01/12 v1.61803398 Publication quality tables
\heavyrulewidth=\dimen156
\lightrulewidth=\dimen157
\cmidrulewidth=\dimen158
\belowrulesep=\dimen159
\belowbottomsep=\dimen160
\aboverulesep=\dimen161
\abovetopsep=\dimen162
\cmidrulesep=\dimen163
\cmidrulekern=\dimen164
\defaultaddspace=\dimen165
\@cmidla=\count290
\@cmidlb=\count291
\@aboverulesep=\dimen166
\@belowrulesep=\dimen167
\@thisruleclass=\count292
\@lastruleclass=\count293
\@thisrulewidth=\dimen168
)
(d:/2--LaTex/TeXLive/texlive/2024/texmf-dist/tex/latex/geometry/geometry.sty
Package: geometry 2020/01/02 v5.9 Page Geometry

(d:/2--LaTex/TeXLive/texlive/2024/texmf-dist/tex/generic/iftex/ifvtex.sty
Package: ifvtex 2019/10/25 v1.7 ifvtex legacy package. Use iftex instead.
)
\Gm@cnth=\count294
\Gm@cntv=\count295
\c@Gm@tempcnt=\count296
\Gm@bindingoffset=\dimen169
\Gm@wd@mp=\dimen170
\Gm@odd@mp=\dimen171
\Gm@even@mp=\dimen172
\Gm@layoutwidth=\dimen173
\Gm@layoutheight=\dimen174
\Gm@layouthoffset=\dimen175
\Gm@layoutvoffset=\dimen176
\Gm@dimlist=\toks26
)
(d:/2--LaTex/TeXLive/texlive/2024/texmf-dist/tex/latex/float/float.sty
Package: float 2001/11/08 v1.3d Float enhancements (AL)
\c@float@type=\count297
\float@exts=\toks27
\float@box=\box61
\@float@everytoks=\toks28
\@floatcapt=\box62
)
(d:/2--LaTex/TeXLive/texlive/2024/texmf-dist/tex/latex/titling/titling.sty
Package: titling 2009/09/04 v2.1d maketitle typesetting
\thanksmarkwidth=\skip58
\thanksmargin=\skip59
\droptitle=\skip60
)
(d:/2--LaTex/TeXLive/texlive/2024/texmf-dist/tex/latex/fancyhdr/fancyhdr.sty
Package: fancyhdr 2022/11/09 v4.1 Extensive control of page headers and footers

\f@nch@headwidth=\skip61
\f@nch@O@elh=\skip62
\f@nch@O@erh=\skip63
\f@nch@O@olh=\skip64
\f@nch@O@orh=\skip65
\f@nch@O@elf=\skip66
\f@nch@O@erf=\skip67
\f@nch@O@olf=\skip68
\f@nch@O@orf=\skip69
)
(d:/2--LaTex/TeXLive/texlive/2024/texmf-dist/tex/latex/setspace/setspace.sty
Package: setspace 2022/12/04 v6.7b set line spacing
)
(d:/2--LaTex/TeXLive/texlive/2024/texmf-dist/tex/latex/hyperref/hyperref.sty
Package: hyperref 2024-01-20 v7.01h Hypertext links for LaTeX

(d:/2--LaTex/TeXLive/texlive/2024/texmf-dist/tex/latex/kvsetkeys/kvsetkeys.sty
Package: kvsetkeys 2022-10-05 v1.19 Key value parser (HO)
)
(d:/2--LaTex/TeXLive/texlive/2024/texmf-dist/tex/generic/kvdefinekeys/kvdefinek
eys.sty
Package: kvdefinekeys 2019-12-19 v1.6 Define keys (HO)
)
(d:/2--LaTex/TeXLive/texlive/2024/texmf-dist/tex/generic/pdfescape/pdfescape.st
y
Package: pdfescape 2019/12/09 v1.15 Implements pdfTeX's escape features (HO)
 (d:/2--LaTex/TeXLive/texlive/2024/texmf-dist/tex/generic/ltxcmds/ltxcmds.sty
Package: ltxcmds 2023-12-04 v1.26 LaTeX kernel commands for general use (HO)
)
(d:/2--LaTex/TeXLive/texlive/2024/texmf-dist/tex/generic/pdftexcmds/pdftexcmds.
sty
Package: pdftexcmds 2020-06-27 v0.33 Utility functions of pdfTeX for LuaTeX (HO
)

(d:/2--LaTex/TeXLive/texlive/2024/texmf-dist/tex/generic/infwarerr/infwarerr.st
y
Package: infwarerr 2019/12/03 v1.5 Providing info/warning/error messages (HO)
)
Package pdftexcmds Info: \pdf@primitive is available.
Package pdftexcmds Info: \pdf@ifprimitive is available.
Package pdftexcmds Info: \pdfdraftmode found.
)) (d:/2--LaTex/TeXLive/texlive/2024/texmf-dist/tex/latex/hycolor/hycolor.sty
Package: hycolor 2020-01-27 v1.10 Color options for hyperref/bookmark (HO)
) (d:/2--LaTex/TeXLive/texlive/2024/texmf-dist/tex/latex/auxhook/auxhook.sty
Package: auxhook 2019-12-17 v1.6 Hooks for auxiliary files (HO)
)
(d:/2--LaTex/TeXLive/texlive/2024/texmf-dist/tex/latex/hyperref/nameref.sty
Package: nameref 2023-11-26 v2.56 Cross-referencing by name of section

(d:/2--LaTex/TeXLive/texlive/2024/texmf-dist/tex/latex/refcount/refcount.sty
Package: refcount 2019/12/15 v3.6 Data extraction from label references (HO)
)
(d:/2--LaTex/TeXLive/texlive/2024/texmf-dist/tex/generic/gettitlestring/gettitl
estring.sty
Package: gettitlestring 2019/12/15 v1.6 Cleanup title references (HO)

(d:/2--LaTex/TeXLive/texlive/2024/texmf-dist/tex/latex/kvoptions/kvoptions.sty
Package: kvoptions 2022-06-15 v3.15 Key value format for package options (HO)
))
\c@section@level=\count298
) (d:/2--LaTex/TeXLive/texlive/2024/texmf-dist/tex/latex/etoolbox/etoolbox.sty
Package: etoolbox 2020/10/05 v2.5k e-TeX tools for LaTeX (JAW)
\etb@tempcnta=\count299
)
\@linkdim=\dimen177
\Hy@linkcounter=\count300
\Hy@pagecounter=\count301
 (d:/2--LaTex/TeXLive/texlive/2024/texmf-dist/tex/latex/hyperref/pd1enc.def
File: pd1enc.def 2024-01-20 v7.01h Hyperref: PDFDocEncoding definition (HO)
Now handling font encoding PD1 ...
... no UTF-8 mapping file for font encoding PD1
)
(d:/2--LaTex/TeXLive/texlive/2024/texmf-dist/tex/generic/intcalc/intcalc.sty
Package: intcalc 2019/12/15 v1.3 Expandable calculations with integers (HO)
)
\Hy@SavedSpaceFactor=\count302

(d:/2--LaTex/TeXLive/texlive/2024/texmf-dist/tex/latex/hyperref/puenc.def
File: puenc.def 2024-01-20 v7.01h Hyperref: PDF Unicode definition (HO)
Now handling font encoding PU ...
... no UTF-8 mapping file for font encoding PU
)
Package hyperref Info: Option `unicode' set `true' on input line 4062.
Package hyperref Info: Hyper figures OFF on input line 4179.
Package hyperref Info: Link nesting OFF on input line 4184.
Package hyperref Info: Hyper index ON on input line 4187.
Package hyperref Info: Plain pages OFF on input line 4194.
Package hyperref Info: Backreferencing OFF on input line 4199.
Package hyperref Info: Implicit mode ON; LaTeX internals redefined.
Package hyperref Info: Bookmarks ON on input line 4446.
\c@Hy@tempcnt=\count303

(d:/2--LaTex/TeXLive/texlive/2024/texmf-dist/tex/latex/url/url.sty
\Urlmuskip=\muskip17
Package: url 2013/09/16  ver 3.4  Verb mode for urls, etc.
)
LaTeX Info: Redefining \url on input line 4784.
\XeTeXLinkMargin=\dimen178

(d:/2--LaTex/TeXLive/texlive/2024/texmf-dist/tex/generic/bitset/bitset.sty
Package: bitset 2019/12/09 v1.3 Handle bit-vector datatype (HO)

(d:/2--LaTex/TeXLive/texlive/2024/texmf-dist/tex/generic/bigintcalc/bigintcalc.
sty
Package: bigintcalc 2019/12/15 v1.5 Expandable calculations on big integers (HO
)
))
\Fld@menulength=\count304
\Field@Width=\dimen179
\Fld@charsize=\dimen180
Package hyperref Info: Hyper figures OFF on input line 6063.
Package hyperref Info: Link nesting OFF on input line 6068.
Package hyperref Info: Hyper index ON on input line 6071.
Package hyperref Info: backreferencing OFF on input line 6078.
Package hyperref Info: Link coloring OFF on input line 6083.
Package hyperref Info: Link coloring with OCG OFF on input line 6088.
Package hyperref Info: PDF/A mode OFF on input line 6093.

(d:/2--LaTex/TeXLive/texlive/2024/texmf-dist/tex/latex/base/atbegshi-ltx.sty
Package: atbegshi-ltx 2021/01/10 v1.0c Emulation of the original atbegshi
package with kernel methods
)
\Hy@abspage=\count305
\c@Item=\count306
\c@Hfootnote=\count307
)
Package hyperref Info: Driver (autodetected): hpdftex.

(d:/2--LaTex/TeXLive/texlive/2024/texmf-dist/tex/latex/hyperref/hpdftex.def
File: hpdftex.def 2024-01-20 v7.01h Hyperref driver for pdfTeX

(d:/2--LaTex/TeXLive/texlive/2024/texmf-dist/tex/latex/base/atveryend-ltx.sty
Package: atveryend-ltx 2020/08/19 v1.0a Emulation of the original atveryend pac
kage
with kernel methods
)
\Fld@listcount=\count308
\c@bookmark@seq@number=\count309

(d:/2--LaTex/TeXLive/texlive/2024/texmf-dist/tex/latex/rerunfilecheck/rerunfile
check.sty
Package: rerunfilecheck 2022-07-10 v1.10 Rerun checks for auxiliary files (HO)

(d:/2--LaTex/TeXLive/texlive/2024/texmf-dist/tex/generic/uniquecounter/uniqueco
unter.sty
Package: uniquecounter 2019/12/15 v1.4 Provide unlimited unique counter (HO)
)
Package uniquecounter Info: New unique counter `rerunfilecheck' on input line 2
85.
)
\Hy@SectionHShift=\skip70
)
(d:/2--LaTex/TeXLive/texlive/2024/texmf-dist/tex/latex/listings/listings.sty
\lst@mode=\count310
\lst@gtempboxa=\box63
\lst@token=\toks29
\lst@length=\count311
\lst@currlwidth=\dimen181
\lst@column=\count312
\lst@pos=\count313
\lst@lostspace=\dimen182
\lst@width=\dimen183
\lst@newlines=\count314
\lst@lineno=\count315
\lst@maxwidth=\dimen184

(d:/2--LaTex/TeXLive/texlive/2024/texmf-dist/tex/latex/listings/lstpatch.sty
File: lstpatch.sty 2024/02/21 1.10 (Carsten Heinz)
)
(d:/2--LaTex/TeXLive/texlive/2024/texmf-dist/tex/latex/listings/lstmisc.sty
File: lstmisc.sty 2024/02/21 1.10 (Carsten Heinz)
\c@lstnumber=\count316
\lst@skipnumbers=\count317
\lst@framebox=\box64
)
(d:/2--LaTex/TeXLive/texlive/2024/texmf-dist/tex/latex/listings/listings.cfg
File: listings.cfg 2024/02/21 1.10 listings configuration
))
Package: listings 2024/02/21 1.10 (Carsten Heinz)

(d:/2--LaTex/TeXLive/texlive/2024/texmf-dist/tex/latex/xcolor/xcolor.sty
Package: xcolor 2023/11/15 v3.01 LaTeX color extensions (UK)

(d:/2--LaTex/TeXLive/texlive/2024/texmf-dist/tex/latex/graphics-cfg/color.cfg
File: color.cfg 2016/01/02 v1.6 sample color configuration
)
Package xcolor Info: Driver file: pdftex.def on input line 274.

(d:/2--LaTex/TeXLive/texlive/2024/texmf-dist/tex/latex/graphics/mathcolor.ltx)
Package xcolor Info: Model `cmy' substituted by `cmy0' on input line 1350.
Package xcolor Info: Model `hsb' substituted by `rgb' on input line 1354.
Package xcolor Info: Model `RGB' extended on input line 1366.
Package xcolor Info: Model `HTML' substituted by `rgb' on input line 1368.
Package xcolor Info: Model `Hsb' substituted by `hsb' on input line 1369.
Package xcolor Info: Model `tHsb' substituted by `hsb' on input line 1370.
Package xcolor Info: Model `HSB' substituted by `hsb' on input line 1371.
Package xcolor Info: Model `Gray' substituted by `gray' on input line 1372.
Package xcolor Info: Model `wave' substituted by `hsb' on input line 1373.
) (d:/2--LaTex/TeXLive/texlive/2024/texmf-dist/tex/latex/titlesec/titlesec.sty
Package: titlesec 2023/10/27 v2.16 Sectioning titles
\ttl@box=\box65
\beforetitleunit=\skip71
\aftertitleunit=\skip72
\ttl@plus=\dimen185
\ttl@minus=\dimen186
\ttl@toksa=\toks30
\titlewidth=\dimen187
\titlewidthlast=\dimen188
\titlewidthfirst=\dimen189
)
(d:/2--LaTex/TeXLive/texlive/2024/texmf-dist/tex/latex/cjk/texinput/UTF8/UTF8.e
nc
File: UTF8.enc 2021/10/16 4.8.5
)
(d:/2--LaTex/TeXLive/texlive/2024/texmf-dist/tex/latex/cjk/texinput/UTF8/UTF8.c
hr
File: UTF8.chr 2021/10/16 4.8.5
) (./document.aux)
\openout1 = `document.aux'.

LaTeX Font Info:    Checking defaults for OML/cmm/m/it on input line 38.
LaTeX Font Info:    ... okay on input line 38.
LaTeX Font Info:    Checking defaults for OMS/cmsy/m/n on input line 38.
LaTeX Font Info:    ... okay on input line 38.
LaTeX Font Info:    Checking defaults for OT1/cmr/m/n on input line 38.
LaTeX Font Info:    ... okay on input line 38.
LaTeX Font Info:    Checking defaults for T1/cmr/m/n on input line 38.
LaTeX Font Info:    ... okay on input line 38.
LaTeX Font Info:    Checking defaults for TS1/cmr/m/n on input line 38.
LaTeX Font Info:    ... okay on input line 38.
LaTeX Font Info:    Checking defaults for OMX/cmex/m/n on input line 38.
LaTeX Font Info:    ... okay on input line 38.
LaTeX Font Info:    Checking defaults for U/cmr/m/n on input line 38.
LaTeX Font Info:    ... okay on input line 38.
LaTeX Font Info:    Checking defaults for C00/song/m/n on input line 38.
LaTeX Font Info:    ... okay on input line 38.
LaTeX Font Info:    Checking defaults for C05/song/m/n on input line 38.
LaTeX Font Info:    ... okay on input line 38.
LaTeX Font Info:    Checking defaults for C09/song/m/n on input line 38.
LaTeX Font Info:    ... okay on input line 38.
LaTeX Font Info:    Checking defaults for C10/song/m/n on input line 38.
LaTeX Font Info:    ... okay on input line 38.
LaTeX Font Info:    Checking defaults for C20/song/m/n on input line 38.
LaTeX Font Info:    ... okay on input line 38.
LaTeX Font Info:    Checking defaults for C19/song/m/n on input line 38.
LaTeX Font Info:    ... okay on input line 38.
LaTeX Font Info:    Checking defaults for C40/song/m/n on input line 38.
LaTeX Font Info:    ... okay on input line 38.
LaTeX Font Info:    Checking defaults for C42/song/m/n on input line 38.
LaTeX Font Info:    ... okay on input line 38.
LaTeX Font Info:    Checking defaults for C43/song/m/n on input line 38.
LaTeX Font Info:    ... okay on input line 38.
LaTeX Font Info:    Checking defaults for C50/song/m/n on input line 38.
LaTeX Font Info:    ... okay on input line 38.
LaTeX Font Info:    Checking defaults for C52/song/m/n on input line 38.
LaTeX Font Info:    ... okay on input line 38.
LaTeX Font Info:    Checking defaults for C49/song/m/n on input line 38.
LaTeX Font Info:    ... okay on input line 38.
LaTeX Font Info:    Checking defaults for C60/mj/m/n on input line 38.
LaTeX Font Info:    ... okay on input line 38.
LaTeX Font Info:    Checking defaults for C61/mj/m/n on input line 38.
LaTeX Font Info:    ... okay on input line 38.
LaTeX Font Info:    Checking defaults for C63/mj/m/n on input line 38.
LaTeX Font Info:    ... okay on input line 38.
LaTeX Font Info:    Checking defaults for C64/mj/m/n on input line 38.
LaTeX Font Info:    ... okay on input line 38.
LaTeX Font Info:    Checking defaults for C65/mj/m/n on input line 38.
LaTeX Font Info:    ... okay on input line 38.
LaTeX Font Info:    Checking defaults for C70/song/m/n on input line 38.
LaTeX Font Info:    ... okay on input line 38.
LaTeX Font Info:    Checking defaults for C31/song/m/n on input line 38.
LaTeX Font Info:    ... okay on input line 38.
LaTeX Font Info:    Checking defaults for C32/song/m/n on input line 38.
LaTeX Font Info:    ... okay on input line 38.
LaTeX Font Info:    Checking defaults for C33/song/m/n on input line 38.
LaTeX Font Info:    ... okay on input line 38.
LaTeX Font Info:    Checking defaults for C34/song/m/n on input line 38.
LaTeX Font Info:    ... okay on input line 38.
LaTeX Font Info:    Checking defaults for C35/song/m/n on input line 38.
LaTeX Font Info:    ... okay on input line 38.
LaTeX Font Info:    Checking defaults for C36/song/m/n on input line 38.
LaTeX Font Info:    ... okay on input line 38.
LaTeX Font Info:    Checking defaults for C37/song/m/n on input line 38.
LaTeX Font Info:    ... okay on input line 38.
LaTeX Font Info:    Checking defaults for C80/song/m/n on input line 38.
LaTeX Font Info:    ... okay on input line 38.
LaTeX Font Info:    Checking defaults for C81/song/m/n on input line 38.
LaTeX Font Info:    ... okay on input line 38.
LaTeX Font Info:    Checking defaults for C01/song/m/n on input line 38.
LaTeX Font Info:    ... okay on input line 38.
LaTeX Font Info:    Checking defaults for C11/song/m/n on input line 38.
LaTeX Font Info:    ... okay on input line 38.
LaTeX Font Info:    Checking defaults for C21/song/m/n on input line 38.
LaTeX Font Info:    ... okay on input line 38.
LaTeX Font Info:    Checking defaults for C41/song/m/n on input line 38.
LaTeX Font Info:    ... okay on input line 38.
LaTeX Font Info:    Checking defaults for C62/song/m/n on input line 38.
LaTeX Font Info:    ... okay on input line 38.
LaTeX Font Info:    Checking defaults for PD1/pdf/m/n on input line 38.
LaTeX Font Info:    ... okay on input line 38.
LaTeX Font Info:    Checking defaults for PU/pdf/m/n on input line 38.
LaTeX Font Info:    ... okay on input line 38.

(d:/2--LaTex/TeXLive/texlive/2024/texmf-dist/tex/context/base/mkii/supp-pdf.mki
i
[Loading MPS to PDF converter (version 2006.09.02).]
\scratchcounter=\count318
\scratchdimen=\dimen190
\scratchbox=\box66
\nofMPsegments=\count319
\nofMParguments=\count320
\everyMPshowfont=\toks31
\MPscratchCnt=\count321
\MPscratchDim=\dimen191
\MPnumerator=\count322
\makeMPintoPDFobject=\count323
\everyMPtoPDFconversion=\toks32
)
(d:/2--LaTex/TeXLive/texlive/2024/texmf-dist/tex/latex/epstopdf-pkg/epstopdf-ba
se.sty
Package: epstopdf-base 2020-01-24 v2.11 Base part for package epstopdf
Package epstopdf-base Info: Redefining graphics rule for `.eps' on input line 4
85.

(d:/2--LaTex/TeXLive/texlive/2024/texmf-dist/tex/latex/latexconfig/epstopdf-sys
.cfg
File: epstopdf-sys.cfg 2010/07/13 v1.3 Configuration of (r)epstopdf for TeX Liv
e
))
*geometry* driver: auto-detecting
*geometry* detected driver: pdftex
*geometry* verbose mode - [ preamble ] result:
* driver: pdftex
* paper: a4paper
* layout: <same size as paper>
* layoutoffset:(h,v)=(0.0pt,0.0pt)
* modes: 
* h-part:(L,W,R)=(89.62709pt, 418.25368pt, 89.6271pt)
* v-part:(T,H,B)=(101.40665pt, 591.5302pt, 152.11pt)
* \paperwidth=597.50787pt
* \paperheight=845.04684pt
* \textwidth=418.25368pt
* \textheight=591.5302pt
* \oddsidemargin=17.3571pt
* \evensidemargin=17.3571pt
* \topmargin=-7.86334pt
* \headheight=12.0pt
* \headsep=25.0pt
* \topskip=12.0pt
* \footskip=30.0pt
* \marginparwidth=44.0pt
* \marginparsep=10.0pt
* \columnsep=10.0pt
* \skip\footins=10.8pt plus 4.0pt minus 2.0pt
* \hoffset=0.0pt
* \voffset=0.0pt
* \mag=1000
* \@twocolumnfalse
* \@twosidefalse
* \@mparswitchfalse
* \@reversemarginfalse
* (1in=72.27pt=25.4mm, 1cm=28.453pt)

Package hyperref Info: Link coloring OFF on input line 38.
(./document.out) (./document.out)
\@outlinefile=\write3
\openout3 = `document.out'.

\c@lstlisting=\count324
LaTeX Font Info:    Trying to load font information for C70+gbsn on input line 
43.

(d:/2--LaTex/TeXLive/texlive/2024/texmf-dist/tex/latex/cjk/texinput/UTF8/c70gbs
n.fd
File: c70gbsn.fd 2021/10/16 4.8.5
)
(d:/2--LaTex/TeXLive/texlive/2024/texmf-dist/tex/latex/cjk/texinput/UTF8/c70gbs
n.fdx
File: c70gbsn.fdx 2021/10/16 4.8.5
)

LaTeX Warning: No \author given.

Package CJKpunct Info: punctuation spaces for family 'gbsn' do not exist. Use f
amily 'def' instead. on input line 49.

Overfull \hbox (1.60863pt too wide) in paragraph at lines 49--50
[]\OT1/cmr/m/n/10.95 Airbnb\C70/gbsn/m/n/10.95/4f \ \C70/gbsn/m/n/10.95/4e : \C
70/gbsn/bx/n/10.95/51 h \C70/gbsn/m/n/10.95/74 ^^C \C70/gbsn/m/n/10.95/98 Ü \C7
0/gbsn/bx/n/10.95/51 H \C70/gbsn/m/n/10.95/76 Ñ \C70/gbsn/m/n/10.95/77 Ì \C70/g
bsn/m/n/10.95/79 ﬂ \C70/gbsn/m/n/10.95/5e s \C70/gbsn/m/n/10.95/53 |\C70/gbsn/
m/n/10.95/ff ^^L| \C70/gbsn/bx/n/10.95/51 v \C70/gbsn/m/n/10.95/62 ? \C70/gbsn/
m/n/10.95/6e ê \C70/gbsn/m/n/10.95/4e ˜ \C70/gbsn/m/n/10.95/68 < \C70/gbsn/m/n/
10.95/76 Ñ \C70/gbsn/m/n/10.95/6c ‚ \C70/gbsn/bx/n/10.95/52 ® \C70/gbsn/m/n/10.
95/53 ◊ \C70/gbsn/m/n/10.95/59 ^^Z \C70/gbsn/m/n/10.95/79 Õ \C70/gbsn/m/n/10.95
/56 ‡ \C70/gbsn/m/n/10.95/7d   \C70/gbsn/m/n/10.95/76 Ñ \C70/gbsn/m/n/10.95/5f 
q \C70/gbsn/m/n/10.95/54 Õ|\C70/gbsn/m/n/10.95/30 ^^B|
 []


Overfull \hbox (1.38281pt too wide) in paragraph at lines 57--58
[]\C70/gbsn/m/n/10.95/94 à[][] \C70/gbsn/bx/n/10.95/5b ˘[][] \C70/gbsn/bx/n/10.
95/95 Ó[][] \C70/gbsn/bx/n/10.95/98 ò[][] \C70/gbsn/bx/n/10.95/56 €[][]\OT1/cmr
/m/n/10.95 ,\C70/gbsn/bx/n/10.95/62 ^^Q \C70/gbsn/bx/n/10.95/4e Ï \C70/gbsn/m/n
/10.95/90 ^^Z \C70/gbsn/bx/n/10.95/8f « \C70/gbsn/m/n/10.95/5c B[][] \C70/gbsn/
bx/n/10.95/6b ![][] \C70/gbsn/bx/n/10.95/52 ^^F[][] \C70/gbsn/bx/n/10.95/67 ê[]
[] \C70/gbsn/bx/n/10.95/6c ’[][]\OT1/cmr/bx/n/10.95 (AHP)\C70/gbsn/m/n/10.95/91
 œ \C70/gbsn/bx/n/10.95/53 ^^V \C70/gbsn/bx/n/10.95/65 6 \C70/gbsn/bx/n/10.95/7
6   \C70/gbsn/bx/n/10.95/4e ^^N \C70/gbsn/bx/n/10.95/51 e \C70/gbsn/bx/n/10.95/
4f O \C70/gbsn/m/n/10.95/73 á \C70/gbsn/bx/n/10.95/76 Ñ \C70/gbsn/bx/n/10.95/67
 C \C70/gbsn/bx/n/10.95/88 a \C70/gbsn/bx/n/10.95/51 s \C70/gbsn/bx/n/10.95/7c 
˚|\C70/gbsn/m/n/10.95/ff ^^L|
 []


Underfull \hbox (badness 10000) in paragraph at lines 57--58

 []


(d:/2--LaTex/TeXLive/texlive/2024/texmf-dist/tex/generic/ctex/zhmap/ctex-zhmap-
windows.tex
File: ctex-zhmap-windows.tex 2022/07/14 v2.5.10 Windows font map loader for pdf
TeX and DVIPDFMx (CTEX)
{d:/2--LaTex/TeXLive/texlive/2024/texmf-var/fonts/map/pdftex/updmap/pdftex.map}
{UGBK.sfd}{Unicode.sfd}) [1

] [2] [3]
LaTeX Font Info:    Trying to load font information for C70+rm on input line 10
4.

(d:/2--LaTex/TeXLive/texlive/2024/texmf-dist/tex/latex/ctex/fd/c70rm.fd
File: c70rm.fd 2022/07/14 v2.5.10 Chinese font definition (CTEX)
)
[4] [5]
<pic/11.png, id=392, 214.401pt x 237.2865pt>
File: pic/11.png Graphic file (type png)
<use pic/11.png>
Package pdftex.def Info: pic/11.png  used on input line 137.
(pdftex.def)             Requested size: 188.21288pt x 208.30946pt.
<pic/12.png, id=394, 189.70876pt x 239.09325pt>
File: pic/12.png Graphic file (type png)
<use pic/12.png>
Package pdftex.def Info: pic/12.png  used on input line 143.
(pdftex.def)             Requested size: 188.21288pt x 237.21379pt.

Overfull \hbox (16.21964pt too wide) in paragraph at lines 149--151
[]\C70/gbsn/bx/n/12/62 ? \C70/gbsn/m/n/12/6e ê \C70/gbsn/bx/n/12/7c { \C70/gbsn
/m/n/12/57 ã \C70/gbsn/bx/n/12/52 ^^F \C70/gbsn/m/n/12/67 ê|\C70/gbsn/bx/n/12/f
f ^^Z| \C70/gbsn/m/n/12/57 (\OT1/cmr/m/n/12 Airbnb\C70/gbsn/m/n/12/5e s \C70/gb
sn/m/n/12/53  \C70/gbsn/bx/n/12/4e 
|\C70/gbsn/bx/n/12/ff ^^L| \C70/gbsn/m/n/12/65 t \C70/gbsn/bx/n/12/59 W \C70/gb
sn/bx/n/12/62 ? \C70/gbsn/m/n/12/6e ê |\C70/gbsn/bx/n/12/ff ^^H|\OT1/cmr/m/n/12
 Entire home-/apt|\C70/gbsn/bx/n/12/ff 	| \C70/gbsn/m/n/12/53 ` \C70/gbsn/m/n/1
2/63 n \C70/gbsn/bx/n/12/4e Ü\OT1/cmr/m/n/12 69.9%\C70/gbsn/bx/n/12/76 Ñ
 []

[6 <./pic/11.png> <./pic/12.png>]
Overfull \hbox (1.61162pt too wide) in paragraph at lines 158--159
[]\C70/gbsn/m/n/12/50 G \C70/gbsn/bx/n/12/8b æ \C70/gbsn/bx/n/12/62 ? \C70/gbsn
/m/n/12/6e ê \C70/gbsn/bx/n/12/4e ˜ \C70/gbsn/bx/n/12/68 < \C70/gbsn/bx/n/12/4e
 ^^N \C70/gbsn/m/n/12/57 0 \C70/gbsn/m/n/12/74 ^^F \C70/gbsn/m/n/12/4f M \C70/g
bsn/m/n/12/7f n |\C70/gbsn/bx/n/12/ff ^^H|\OT1/cmtt/m/n/12 neighbourhood[]group
|\C70/gbsn/m/n/12/30 ^^A| \OT1/cmtt/m/n/12 latitude|\C70/gbsn/m/n/12/30 ^^A| \O
T1/cmtt/m/n/12 longitude|\C70/gbsn/bx/n/12/ff 	|
 []

Package CJKpunct Info: use punctuation spaces for family 'rm' with punctstyle (
quanjiao) on input line 170.
[7{d:/2--LaTex/TeXLive/texlive/2024/texmf-dist/fonts/enc/dvips/cm-super/cm-supe
r-ts1.enc}]
Overfull \hbox (6.01593pt too wide) in paragraph at lines 179--180
\C70/gbsn/bx/n/12/95 Ù \C70/gbsn/m/n/12/67 Ñ \C70/gbsn/m/n/12/5e ˙ \C70/gbsn/bx
/n/12/4e 
|\C70/gbsn/bx/n/12/ff ^^L| \C70/gbsn/bx/n/12/5c ^^F \C70/gbsn/m/n/12/7f ^^V \C7
0/gbsn/m/n/12/78 ^^A \C70/gbsn/bx/n/12/54 ^^N \C70/gbsn/bx/n/12/76 Ñ \C70/gbsn/
bx/n/12/52 ^^F \C70/gbsn/bx/n/12/7c { \C70/gbsn/m/n/12/53 ÿ \C70/gbsn/bx/n/12/9
1 œ \C70/gbsn/bx/n/12/4e ^^N \C70/gbsn/m/n/12/8f ﬁ \C70/gbsn/bx/n/12/7e Ì \C70/
gbsn/m/n/12/57 ã 0 \C70/gbsn/m/n/12/74 ^^F \C70/gbsn/m/n/12/57 P \C70/gbsn/bx/n
/12/68 ^^G |\C70/gbsn/bx/n/12/ff ^^H|\OT1/cmtt/m/n/12 latitude|\C70/gbsn/m/n/12
/30 ^^A| \OT1/cmtt/m/n/12 longitude|\C70/gbsn/bx/n/12/ff 	|
 []

[8] [9]
<pic/1.jpg, id=456, 263.48438pt x 197.61328pt>
File: pic/1.jpg Graphic file (type jpg)
<use pic/1.jpg>
Package pdftex.def Info: pic/1.jpg  used on input line 226.
(pdftex.def)             Requested size: 334.60422pt x 250.96605pt.
<pic/2.jpg, id=458, 263.48438pt x 197.61328pt>
File: pic/2.jpg Graphic file (type jpg)
<use pic/2.jpg>
Package pdftex.def Info: pic/2.jpg  used on input line 261.
(pdftex.def)             Requested size: 334.60422pt x 250.96605pt.
 [10 <./pic/1.jpg>] [11 <./pic/2.jpg>] [12]
<pic/3.jpg, id=515, 702.625pt x 526.96875pt>
File: pic/3.jpg Graphic file (type jpg)
<use pic/3.jpg>
Package pdftex.def Info: pic/3.jpg  used on input line 332.
(pdftex.def)             Requested size: 334.60422pt x 250.95602pt.

Overfull \hbox (14.81415pt too wide) in paragraph at lines 342--349
 [][] 
 []

<pic/41.jpg, id=516, 262.35516pt x 98.61844pt>
File: pic/41.jpg Graphic file (type jpg)
<use pic/41.jpg>
Package pdftex.def Info: pic/41.jpg  used on input line 356.
(pdftex.def)             Requested size: 334.60422pt x 125.7812pt.
[13 <./pic/3.jpg>]
<pic/42.jpg, id=530, 263.48438pt x 97.86563pt>
File: pic/42.jpg Graphic file (type jpg)
<use pic/42.jpg>
Package pdftex.def Info: pic/42.jpg  used on input line 363.
(pdftex.def)             Requested size: 334.60422pt x 124.28793pt.
<pic/5.jpg, id=531, 213.1965pt x 159.9795pt>
File: pic/5.jpg Graphic file (type jpg)
<use pic/5.jpg>
Package pdftex.def Info: pic/5.jpg  used on input line 390.
(pdftex.def)             Requested size: 209.12683pt x 156.93019pt.
<pic/61.jpg, id=532, 196.443pt x 82.125pt>
File: pic/61.jpg Graphic file (type jpg)
<use pic/61.jpg>
Package pdftex.def Info: pic/61.jpg  used on input line 399.
(pdftex.def)             Requested size: 167.3021pt x 69.94315pt.
<pic/62.jpg, id=533, 196.443pt x 80.4825pt>
File: pic/62.jpg Graphic file (type jpg)
<use pic/62.jpg>
Package pdftex.def Info: pic/62.jpg  used on input line 404.
(pdftex.def)             Requested size: 167.3021pt x 68.54428pt.
 [14 <./pic/41.jpg> <./pic/42.jpg>]
Overfull \hbox (24.3688pt too wide) in paragraph at lines 419--420
[]\C70/gbsn/bx/n/12/51 h[][] \C70/gbsn/bx/n/12/5c @[][] \C70/gbsn/bx/n/12/7a 3[
][] \C70/gbsn/bx/n/12/50 e[][] \C70/gbsn/bx/n/12/60 '[][]|\C70/gbsn/bx/n/12/ff 
^^Z[][]|  \C70/gbsn/m/n/12/58 k \C70/gbsn/m/n/12/88 e \C70/gbsn/bx/n/12/54 ^^N 
\C70/gbsn/bx/n/12/76 Ñ \C70/gbsn/bx/n/12/4e ˜ \C70/gbsn/bx/n/12/68 < ^^G \C70/g
bsn/bx/n/12/51 ∆ \C70/gbsn/m/n/12/5d Ó |\C70/gbsn/bx/n/12/ff ^^H|\OT1/cmr/m/n/1
2 143.95\C70/gbsn/m/n/12/7f é \C70/gbsn/bx/n/12/51 C|\C70/gbsn/bx/n/12/ff 	| \C
70/gbsn/bx/n/12/4e ^^N \C70/gbsn/m/n/12/53 ü \C70/gbsn/bx/n/12/59 À \C70/gbsn/m
/n/12/97 ^ \C70/gbsn/m/n/12/7f : \C70/gbsn/bx/n/12/59 1 \C70/gbsn/bx/n/12/65 p 
\C70/gbsn/bx/n/12/63 n |\C70/gbsn/bx/n/12/ff ^^H|\OT1/cmr/m/n/12 310.14\C70/gbs
n/m/n/12/7f é
 []

[15 <./pic/5.jpg> <./pic/61.jpg> <./pic/62.jpg>]
Underfull \hbox (badness 10000) in paragraph at lines 430--432

 []


Overfull \hbox (3.53928pt too wide) in paragraph at lines 437--438
[]\C70/gbsn/bx/n/12/5b ˘[][] \C70/gbsn/bx/n/12/65 p[][] \C70/gbsn/bx/n/12/53 ÿ[
][] \C70/gbsn/bx/n/12/63 b[][] \C70/gbsn/bx/n/12/90 ^^B[][] \C70/gbsn/bx/n/12/7
5 ([][] \C70/gbsn/bx/n/12/60 '[][]|\C70/gbsn/bx/n/12/ff ^^Z[][]|  \C70/gbsn/bx/
n/12/53 ÿ \C70/gbsn/bx/n/12/63 b \C70/gbsn/bx/n/12/54 ^^N \C70/gbsn/bx/n/12/76 
Ñ \C70/gbsn/bx/n/12/4e ˜ \C70/gbsn/bx/n/12/68 < \C70/gbsn/bx/n/12/90 ^^Z \C70/g
bsn/bx/n/12/8f « \C70/gbsn/bx/n/12/50 O \C70/gbsn/bx/n/12/5e ¶|\C70/gbsn/m/n/12
/30 ^^A| \C70/gbsn/bx/n/12/5c  \C70/gbsn/bx/n/12/5e ¶ \C70/gbsn/bx/n/12/63 ^^G
 \C70/gbsn/bx/n/12/68 ^^G \C70/gbsn/bx/n/12/53   \C70/gbsn/m/n/12/6b c \C70/gbs
n/bx/n/12/60 ^^A ' \C70/gbsn/bx/n/12/68 ¿ \C70/gbsn/bx/n/12/9a å |\C70/gbsn/bx/
n/12/ff ^^H|\C70/gbsn/m/n/12/86 }\OT1/cmr/m/n/12 p\C70/gbsn/bx/n/12/50 <
 []

[16] [17] [18]
Underfull \hbox (badness 10000) in alignment at lines 514--522
[] []
 []


Underfull \hbox (badness 10000) in alignment at lines 528--535
[] []
 []


LaTeX Warning: `!h' float specifier changed to `!ht'.

<pic/7.jpg, id=590, 202.356pt x 172.4625pt>
File: pic/7.jpg Graphic file (type jpg)
<use pic/7.jpg>
Package pdftex.def Info: pic/7.jpg  used on input line 548.
(pdftex.def)             Requested size: 188.21288pt x 160.41739pt.
<pic/8.jpg, id=591, 210.5685pt x 181.332pt>
File: pic/8.jpg Graphic file (type jpg)
<use pic/8.jpg>
Package pdftex.def Info: pic/8.jpg  used on input line 555.
(pdftex.def)             Requested size: 188.21288pt x 162.08221pt.
[19]
<pic/9.jpg, id=610, 263.48438pt x 197.61328pt>
File: pic/9.jpg Graphic file (type jpg)
<use pic/9.jpg>
Package pdftex.def Info: pic/9.jpg  used on input line 569.
(pdftex.def)             Requested size: 188.21288pt x 141.16576pt.
<pic/10.jpg, id=611, 263.48438pt x 197.61328pt>
File: pic/10.jpg Graphic file (type jpg)
<use pic/10.jpg>
Package pdftex.def Info: pic/10.jpg  used on input line 576.
(pdftex.def)             Requested size: 188.21288pt x 141.16576pt.
 [20 <./pic/7.jpg> <./pic/8.jpg>] [21 <./pic/9.jpg> <./pic/10.jpg>]
[22] [23] [24] [25]
<pic/13.png, id=677, 715.54828pt x 571.7611pt>
File: pic/13.png Graphic file (type png)
<use pic/13.png>
Package pdftex.def Info: pic/13.png  used on input line 699.
(pdftex.def)             Requested size: 188.21288pt x 150.39052pt.
<pic/14.png, id=678, 714.41907pt x 573.26672pt>
File: pic/14.png Graphic file (type png)
<use pic/14.png>
Package pdftex.def Info: pic/14.png  used on input line 706.
(pdftex.def)             Requested size: 188.21288pt x 151.02272pt.
 [26 <./pic/13.png> <./pic/14.png>] [27] [28]
<pic/15.png, id=706, 1627.07875pt x 482.80376pt>
File: pic/15.png Graphic file (type png)
<use pic/15.png>
Package pdftex.def Info: pic/15.png  used on input line 765.
(pdftex.def)             Requested size: 376.42575pt x 111.69081pt.
 [29 <./pic/15.png>]

LaTeX Font Warning: Command \small invalid in math mode on input line 791.

LaTeX Font Info:    Calculating math sizes for size <> on input line 801.
[30] [31]
Overfull \hbox (17.132pt too wide) in paragraph at lines 862--863
[]\C70/gbsn/bx/n/12/67 : \C70/gbsn/bx/n/12/56 h \C70/gbsn/bx/n/12/5b f \C70/gbs
n/bx/n/12/4e ` \C70/gbsn/bx/n/12/88 e \C70/gbsn/bx/n/12/51 E|\C70/gbsn/bx/n/12/
ff ^^Z| \C70/gbsn/bx/n/12/7e ” \C70/gbsn/bx/n/12/54 ^^H \C70/gbsn/bx/n/12/53 Ü 
Ú \C70/gbsn/bx/n/12/8b ¢ \C70/gbsn/bx/n/12/53 U \C70/gbsn/bx/n/12/65 p \C70/gbs
n/bx/n/12/63 n|\C70/gbsn/bx/n/12/ff ^^L| \C70/gbsn/bx/n/12/52 ) \C70/gbsn/bx/n/
12/75 ( \C70/gbsn/bx/n/12/56 ﬁ \C70/gbsn/bx/n/12/5f R \C70/gbsn/bx/n/12/6a ! \C
70/gbsn/bx/n/12/57 ã \C70/gbsn/bx/n/12/98 Ñ \C70/gbsn/m/n/12/6d K \C70/gbsn/bx/
n/12/4e ˜ \C70/gbsn/bx/n/12/68 < \C70/gbsn/bx/n/12/5f 9 \C70/gbsn/bx/n/12/60 '|
\C70/gbsn/bx/n/12/ff ^^L| \C70/gbsn/bx/n/12/58 û \C70/gbsn/bx/n/12/5f :\OT1/cmr
/m/n/12 AHP\C70/gbsn/bx/n/12/67 C
 []


LaTeX Font Warning: Font shape `C70/gbsn/m/it' undefined
(Font)              using `C70/gbsn/m/n' instead on input line 869.

[32] (./document.aux)
 ***********
LaTeX2e <2023-11-01> patch level 1
L3 programming layer <2022/07/14>
 ***********


LaTeX Font Warning: Some font shapes were not available, defaults substituted.

Package rerunfilecheck Info: File `document.out' has not changed.
(rerunfilecheck)             Checksum: 30F1BB314CAB62F4B1ACAABCECB8488A;6045.
 ) 
Here is how much of TeX's memory you used:
 18823 strings out of 474116
 315712 string characters out of 5739165
 1973190 words of memory out of 5000000
 40093 multiletter control sequences out of 15000+600000
 662415 words of font info for 413 fonts, out of 8000000 for 9000
 1141 hyphenation exceptions out of 8191
 80i,10n,83p,885b,878s stack positions out of 10000i,1000n,20000p,200000b,200000s
<c:/Windows/Fonts/simsun.ttc><c:/Windows/Fonts/simsun.ttc><c:/Windows/Fonts/s
imsun.ttc><c:/Windows/Fonts/simsun.ttc><c:/Windows/Fonts/simsun.ttc><c:/Windows
/Fonts/simsun.ttc><c:/Windows/Fonts/simsun.ttc><c:/Windows/Fonts/simsun.ttc><c:
/Windows/Fonts/simhei.ttf><c:/Windows/Fonts/simhei.ttf><c:/Windows/Fonts/simhei
.ttf><c:/Windows/Fonts/simhei.ttf><c:/Windows/Fonts/simsun.ttc><c:/Windows/Font
s/simsun.ttc><c:/Windows/Fonts/simsun.ttc><c:/Windows/Fonts/simhei.ttf><c:/Wind
ows/Fonts/simhei.ttf><c:/Windows/Fonts/simhei.ttf><c:/Windows/Fonts/simhei.ttf>
<c:/Windows/Fonts/simhei.ttf><c:/Windows/Fonts/simhei.ttf><c:/Windows/Fonts/sim
hei.ttf><c:/Windows/Fonts/simhei.ttf><c:/Windows/Fonts/simsun.ttc><c:/Windows/F
onts/simsun.ttc><c:/Windows/Fonts/simsun.ttc><c:/Windows/Fonts/simsun.ttc><c:/W
indows/Fonts/simhei.ttf><c:/Windows/Fonts/simhei.ttf><c:/Windows/Fonts/simhei.t
tf><c:/Windows/Fonts/simhei.ttf><c:/Windows/Fonts/simhei.ttf><c:/Windows/Fonts/
simhei.ttf><c:/Windows/Fonts/simhei.ttf><c:/Windows/Fonts/simhei.ttf><c:/Window
s/Fonts/simhei.ttf><c:/Windows/Fonts/simhei.ttf><c:/Windows/Fonts/simhei.ttf><c
:/Windows/Fonts/simhei.ttf><c:/Windows/Fonts/simhei.ttf><c:/Windows/Fonts/simsu
n.ttc><c:/Windows/Fonts/simsun.ttc><c:/Windows/Fonts/simsun.ttc><c:/Windows/Fon
ts/simsun.ttc><c:/Windows/Fonts/simhei.ttf><c:/Windows/Fonts/simsun.ttc><c:/Win
dows/Fonts/simsun.ttc><c:/Windows/Fonts/simhei.ttf><c:/Windows/Fonts/simhei.ttf
><c:/Windows/Fonts/simhei.ttf><c:/Windows/Fonts/simsun.ttc><c:/Windows/Fonts/si
msun.ttc><c:/Windows/Fonts/simsun.ttc><c:/Windows/Fonts/simsun.ttc><c:/Windows/
Fonts/simsun.ttc><c:/Windows/Fonts/simsun.ttc><c:/Windows/Fonts/simsun.ttc><c:/
Windows/Fonts/simsun.ttc><c:/Windows/Fonts/simsun.ttc><c:/Windows/Fonts/simhei.
ttf><c:/Windows/Fonts/simhei.ttf><c:/Windows/Fonts/simhei.ttf><c:/Windows/Fonts
/simhei.ttf><c:/Windows/Fonts/simsun.ttc><c:/Windows/Fonts/simsun.ttc><c:/Windo
ws/Fonts/simsun.ttc><c:/Windows/Fonts/simsun.ttc><c:/Windows/Fonts/simsun.ttc><
c:/Windows/Fonts/simsun.ttc><c:/Windows/Fonts/simsun.ttc><c:/Windows/Fonts/sims
un.ttc><c:/Windows/Fonts/simsun.ttc><c:/Windows/Fonts/simsun.ttc><c:/Windows/Fo
nts/simsun.ttc><c:/Windows/Fonts/simsun.ttc><c:/Windows/Fonts/simsun.ttc><c:/Wi
ndows/Fonts/simsun.ttc><c:/Windows/Fonts/simsun.ttc><c:/Windows/Fonts/simsun.tt
c><c:/Windows/Fonts/simsun.ttc><c:/Windows/Fonts/simhei.ttf><c:/Windows/Fonts/s
imhei.ttf><c:/Windows/Fonts/simhei.ttf><c:/Windows/Fonts/simhei.ttf><c:/Windows
/Fonts/simhei.ttf><c:/Windows/Fonts/simhei.ttf><c:/Windows/Fonts/simhei.ttf><c:
/Windows/Fonts/simhei.ttf><c:/Windows/Fonts/simhei.ttf><c:/Windows/Fonts/simhei
.ttf><c:/Windows/Fonts/simhei.ttf><c:/Windows/Fonts/simhei.ttf><c:/Windows/Font
s/simhei.ttf><c:/Windows/Fonts/simhei.ttf><c:/Windows/Fonts/simhei.ttf><c:/Wind
ows/Fonts/simsun.ttc><c:/Windows/Fonts/simsun.ttc><c:/Windows/Fonts/simsun.ttc>
<c:/Windows/Fonts/simsun.ttc><c:/Windows/Fonts/simsun.ttc><c:/Windows/Fonts/sim
sun.ttc><c:/Windows/Fonts/simsun.ttc><c:/Windows/Fonts/simsun.ttc><c:/Windows/F
onts/simsun.ttc><c:/Windows/Fonts/simsun.ttc><c:/Windows/Fonts/simhei.ttf><c:/W
indows/Fonts/simhei.ttf><c:/Windows/Fonts/simhei.ttf><c:/Windows/Fonts/simhei.t
tf><c:/Windows/Fonts/simhei.ttf><c:/Windows/Fonts/simhei.ttf><d:/2--LaTex/TeXLi
ve/texlive/2024/texmf-dist/fonts/type1/public/amsfonts/cm/cmbx10.pfb><d:/2--LaT
ex/TeXLive/texlive/2024/texmf-dist/fonts/type1/public/amsfonts/cm/cmbx12.pfb><d
:/2--LaTex/TeXLive/texlive/2024/texmf-dist/fonts/type1/public/amsfonts/cm/cmex1
0.pfb><d:/2--LaTex/TeXLive/texlive/2024/texmf-dist/fonts/type1/public/amsfonts/
cm/cmmi10.pfb><d:/2--LaTex/TeXLive/texlive/2024/texmf-dist/fonts/type1/public/a
msfonts/cm/cmmi12.pfb><d:/2--LaTex/TeXLive/texlive/2024/texmf-dist/fonts/type1/
public/amsfonts/cm/cmmi8.pfb><d:/2--LaTex/TeXLive/texlive/2024/texmf-dist/fonts
/type1/public/amsfonts/cm/cmr10.pfb><d:/2--LaTex/TeXLive/texlive/2024/texmf-dis
t/fonts/type1/public/amsfonts/cm/cmr12.pfb><d:/2--LaTex/TeXLive/texlive/2024/te
xmf-dist/fonts/type1/public/amsfonts/cm/cmr8.pfb><d:/2--LaTex/TeXLive/texlive/2
024/texmf-dist/fonts/type1/public/amsfonts/cm/cmsy10.pfb><d:/2--LaTex/TeXLive/t
exlive/2024/texmf-dist/fonts/type1/public/amsfonts/cm/cmti12.pfb><d:/2--LaTex/T
eXLive/texlive/2024/texmf-dist/fonts/type1/public/amsfonts/cm/cmtt12.pfb><d:/2-
-LaTex/TeXLive/texlive/2024/texmf-dist/fonts/type1/arphic/gbsnu/gbsnu20.pfb><d:
/2--LaTex/TeXLive/texlive/2024/texmf-dist/fonts/type1/arphic/gbsnu/gbsnu22.pfb>
<d:/2--LaTex/TeXLive/texlive/2024/texmf-dist/fonts/type1/arphic/gbsnu/gbsnu30.p
fb><d:/2--LaTex/TeXLive/texlive/2024/texmf-dist/fonts/type1/arphic/gbsnu/gbsnu4
e.pfb><d:/2--LaTex/TeXLive/texlive/2024/texmf-dist/fonts/type1/arphic/gbsnu/gbs
nu4f.pfb><d:/2--LaTex/TeXLive/texlive/2024/texmf-dist/fonts/type1/arphic/gbsnu/
gbsnu50.pfb><d:/2--LaTex/TeXLive/texlive/2024/texmf-dist/fonts/type1/arphic/gbs
nu/gbsnu51.pfb><d:/2--LaTex/TeXLive/texlive/2024/texmf-dist/fonts/type1/arphic/
gbsnu/gbsnu52.pfb><d:/2--LaTex/TeXLive/texlive/2024/texmf-dist/fonts/type1/arph
ic/gbsnu/gbsnu53.pfb><d:/2--LaTex/TeXLive/texlive/2024/texmf-dist/fonts/type1/a
rphic/gbsnu/gbsnu54.pfb><d:/2--LaTex/TeXLive/texlive/2024/texmf-dist/fonts/type
1/arphic/gbsnu/gbsnu55.pfb><d:/2--LaTex/TeXLive/texlive/2024/texmf-dist/fonts/t
ype1/arphic/gbsnu/gbsnu56.pfb><d:/2--LaTex/TeXLive/texlive/2024/texmf-dist/font
s/type1/arphic/gbsnu/gbsnu57.pfb><d:/2--LaTex/TeXLive/texlive/2024/texmf-dist/f
onts/type1/arphic/gbsnu/gbsnu58.pfb><d:/2--LaTex/TeXLive/texlive/2024/texmf-dis
t/fonts/type1/arphic/gbsnu/gbsnu59.pfb><d:/2--LaTex/TeXLive/texlive/2024/texmf-
dist/fonts/type1/arphic/gbsnu/gbsnu5a.pfb><d:/2--LaTex/TeXLive/texlive/2024/tex
mf-dist/fonts/type1/arphic/gbsnu/gbsnu5b.pfb><d:/2--LaTex/TeXLive/texlive/2024/
texmf-dist/fonts/type1/arphic/gbsnu/gbsnu5c.pfb><d:/2--LaTex/TeXLive/texlive/20
24/texmf-dist/fonts/type1/arphic/gbsnu/gbsnu5d.pfb><d:/2--LaTex/TeXLive/texlive
/2024/texmf-dist/fonts/type1/arphic/gbsnu/gbsnu5e.pfb><d:/2--LaTex/TeXLive/texl
ive/2024/texmf-dist/fonts/type1/arphic/gbsnu/gbsnu5f.pfb><d:/2--LaTex/TeXLive/t
exlive/2024/texmf-dist/fonts/type1/arphic/gbsnu/gbsnu60.pfb><d:/2--LaTex/TeXLiv
e/texlive/2024/texmf-dist/fonts/type1/arphic/gbsnu/gbsnu61.pfb><d:/2--LaTex/TeX
Live/texlive/2024/texmf-dist/fonts/type1/arphic/gbsnu/gbsnu62.pfb><d:/2--LaTex/
TeXLive/texlive/2024/texmf-dist/fonts/type1/arphic/gbsnu/gbsnu63.pfb><d:/2--LaT
ex/TeXLive/texlive/2024/texmf-dist/fonts/type1/arphic/gbsnu/gbsnu64.pfb><d:/2--
LaTex/TeXLive/texlive/2024/texmf-dist/fonts/type1/arphic/gbsnu/gbsnu65.pfb><d:/
2--LaTex/TeXLive/texlive/2024/texmf-dist/fonts/type1/arphic/gbsnu/gbsnu66.pfb><
d:/2--LaTex/TeXLive/texlive/2024/texmf-dist/fonts/type1/arphic/gbsnu/gbsnu67.pf
b><d:/2--LaTex/TeXLive/texlive/2024/texmf-dist/fonts/type1/arphic/gbsnu/gbsnu68
.pfb><d:/2--LaTex/TeXLive/texlive/2024/texmf-dist/fonts/type1/arphic/gbsnu/gbsn
u69.pfb><d:/2--LaTex/TeXLive/texlive/2024/texmf-dist/fonts/type1/arphic/gbsnu/g
bsnu6a.pfb><d:/2--LaTex/TeXLive/texlive/2024/texmf-dist/fonts/type1/arphic/gbsn
u/gbsnu6b.pfb><d:/2--LaTex/TeXLive/texlive/2024/texmf-dist/fonts/type1/arphic/g
bsnu/gbsnu6c.pfb><d:/2--LaTex/TeXLive/texlive/2024/texmf-dist/fonts/type1/arphi
c/gbsnu/gbsnu6d.pfb><d:/2--LaTex/TeXLive/texlive/2024/texmf-dist/fonts/type1/ar
phic/gbsnu/gbsnu6e.pfb><d:/2--LaTex/TeXLive/texlive/2024/texmf-dist/fonts/type1
/arphic/gbsnu/gbsnu6f.pfb><d:/2--LaTex/TeXLive/texlive/2024/texmf-dist/fonts/ty
pe1/arphic/gbsnu/gbsnu70.pfb><d:/2--LaTex/TeXLive/texlive/2024/texmf-dist/fonts
/type1/arphic/gbsnu/gbsnu71.pfb><d:/2--LaTex/TeXLive/texlive/2024/texmf-dist/fo
nts/type1/arphic/gbsnu/gbsnu72.pfb><d:/2--LaTex/TeXLive/texlive/2024/texmf-dist
/fonts/type1/arphic/gbsnu/gbsnu73.pfb><d:/2--LaTex/TeXLive/texlive/2024/texmf-d
ist/fonts/type1/arphic/gbsnu/gbsnu74.pfb><d:/2--LaTex/TeXLive/texlive/2024/texm
f-dist/fonts/type1/arphic/gbsnu/gbsnu75.pfb><d:/2--LaTex/TeXLive/texlive/2024/t
exmf-dist/fonts/type1/arphic/gbsnu/gbsnu76.pfb><d:/2--LaTex/TeXLive/texlive/202
4/texmf-dist/fonts/type1/arphic/gbsnu/gbsnu77.pfb><d:/2--LaTex/TeXLive/texlive/
2024/texmf-dist/fonts/type1/arphic/gbsnu/gbsnu78.pfb><d:/2--LaTex/TeXLive/texli
ve/2024/texmf-dist/fonts/type1/arphic/gbsnu/gbsnu79.pfb><d:/2--LaTex/TeXLive/te
xlive/2024/texmf-dist/fonts/type1/arphic/gbsnu/gbsnu7a.pfb><d:/2--LaTex/TeXLive
/texlive/2024/texmf-dist/fonts/type1/arphic/gbsnu/gbsnu7b.pfb><d:/2--LaTex/TeXL
ive/texlive/2024/texmf-dist/fonts/type1/arphic/gbsnu/gbsnu7c.pfb><d:/2--LaTex/T
eXLive/texlive/2024/texmf-dist/fonts/type1/arphic/gbsnu/gbsnu7d.pfb><d:/2--LaTe
x/TeXLive/texlive/2024/texmf-dist/fonts/type1/arphic/gbsnu/gbsnu7e.pfb><d:/2--L
aTex/TeXLive/texlive/2024/texmf-dist/fonts/type1/arphic/gbsnu/gbsnu7f.pfb><d:/2
--LaTex/TeXLive/texlive/2024/texmf-dist/fonts/type1/arphic/gbsnu/gbsnu80.pfb><d
:/2--LaTex/TeXLive/texlive/2024/texmf-dist/fonts/type1/arphic/gbsnu/gbsnu81.pfb
><d:/2--LaTex/TeXLive/texlive/2024/texmf-dist/fonts/type1/arphic/gbsnu/gbsnu82.
pfb><d:/2--LaTex/TeXLive/texlive/2024/texmf-dist/fonts/type1/arphic/gbsnu/gbsnu
83.pfb><d:/2--LaTex/TeXLive/texlive/2024/texmf-dist/fonts/type1/arphic/gbsnu/gb
snu84.pfb><d:/2--LaTex/TeXLive/texlive/2024/texmf-dist/fonts/type1/arphic/gbsnu
/gbsnu85.pfb><d:/2--LaTex/TeXLive/texlive/2024/texmf-dist/fonts/type1/arphic/gb
snu/gbsnu86.pfb><d:/2--LaTex/TeXLive/texlive/2024/texmf-dist/fonts/type1/arphic
/gbsnu/gbsnu88.pfb><d:/2--LaTex/TeXLive/texlive/2024/texmf-dist/fonts/type1/arp
hic/gbsnu/gbsnu89.pfb><d:/2--LaTex/TeXLive/texlive/2024/texmf-dist/fonts/type1/
arphic/gbsnu/gbsnu8a.pfb><d:/2--LaTex/TeXLive/texlive/2024/texmf-dist/fonts/typ
e1/arphic/gbsnu/gbsnu8b.pfb><d:/2--LaTex/TeXLive/texlive/2024/texmf-dist/fonts/
type1/arphic/gbsnu/gbsnu8c.pfb><d:/2--LaTex/TeXLive/texlive/2024/texmf-dist/fon
ts/type1/arphic/gbsnu/gbsnu8d.pfb><d:/2--LaTex/TeXLive/texlive/2024/texmf-dist/
fonts/type1/arphic/gbsnu/gbsnu8e.pfb><d:/2--LaTex/TeXLive/texlive/2024/texmf-di
st/fonts/type1/arphic/gbsnu/gbsnu8f.pfb><d:/2--LaTex/TeXLive/texlive/2024/texmf
-dist/fonts/type1/arphic/gbsnu/gbsnu90.pfb><d:/2--LaTex/TeXLive/texlive/2024/te
xmf-dist/fonts/type1/arphic/gbsnu/gbsnu91.pfb><d:/2--LaTex/TeXLive/texlive/2024
/texmf-dist/fonts/type1/arphic/gbsnu/gbsnu92.pfb><d:/2--LaTex/TeXLive/texlive/2
024/texmf-dist/fonts/type1/arphic/gbsnu/gbsnu94.pfb><d:/2--LaTex/TeXLive/texliv
e/2024/texmf-dist/fonts/type1/arphic/gbsnu/gbsnu95.pfb><d:/2--LaTex/TeXLive/tex
live/2024/texmf-dist/fonts/type1/arphic/gbsnu/gbsnu96.pfb><d:/2--LaTex/TeXLive/
texlive/2024/texmf-dist/fonts/type1/arphic/gbsnu/gbsnu97.pfb><d:/2--LaTex/TeXLi
ve/texlive/2024/texmf-dist/fonts/type1/arphic/gbsnu/gbsnu98.pfb><d:/2--LaTex/Te
XLive/texlive/2024/texmf-dist/fonts/type1/arphic/gbsnu/gbsnu99.pfb><d:/2--LaTex
/TeXLive/texlive/2024/texmf-dist/fonts/type1/arphic/gbsnu/gbsnu9a.pfb><d:/2--La
Tex/TeXLive/texlive/2024/texmf-dist/fonts/type1/arphic/gbsnu/gbsnu9c.pfb><d:/2-
-LaTex/TeXLive/texlive/2024/texmf-dist/fonts/type1/arphic/gbsnu/gbsnu9e.pfb><d:
/2--LaTex/TeXLive/texlive/2024/texmf-dist/fonts/type1/arphic/gbsnu/gbsnu9f.pfb>
<d:/2--LaTex/TeXLive/texlive/2024/texmf-dist/fonts/type1/arphic/gbsnu/gbsnuff.p
fb><d:/2--LaTex/TeXLive/texlive/2024/texmf-dist/fonts/type1/public/cm-super/sfr
m1200.pfb>
Output written on document.pdf (32 pages, 2206229 bytes).
PDF statistics:
 1438 PDF objects out of 1440 (max. 8388607)
 1070 compressed objects within 11 object streams
 182 named destinations out of 1000 (max. 500000)
 806 words of extra memory for PDF output out of 10000 (max. 10000000)

