\BOOKMARK [1][-]{section.1}{\376\377\060\001\225\356\230\230\221\315\217\360}{}% 1
\BOOKMARK [1][-]{section.2}{\376\377\060\001\225\356\230\230\122\006\147\220}{}% 2
\BOOKMARK [1][-]{section.3}{\376\377\060\001\152\041\127\213\121\306\131\007}{}% 3
\BOOKMARK [2][-]{subsection.3.1}{\376\377\225\356\230\230\120\107\213\276}{section.3}% 4
\BOOKMARK [2][-]{subsection.3.2}{\376\377\173\046\123\367\213\364\146\016}{section.3}% 5
\BOOKMARK [1][-]{section.4}{\376\377\060\001\152\041\127\213\136\372\172\313\116\016\154\102\211\343}{}% 6
\BOOKMARK [2][-]{subsection.4.1}{\376\377\225\356\230\230\116\000\166\204\152\041\127\213\136\372\172\313\116\016\154\102\211\343}{section.4}% 7
\BOOKMARK [3][-]{subsubsection.4.1.1}{\376\377\123\125\116\000\145\340\116\272\147\072\142\225\145\076\116\000\147\232\136\162\142\160\137\071\166\204\172\172\225\364\162\151\164\006\152\041\127\213}{subsection.4.1}% 8
\BOOKMARK [3][-]{subsubsection.4.1.2}{\376\377\133\374\137\071\230\336\210\114\166\204\172\172\225\364\162\151\164\006\152\041\127\213}{subsection.4.1}% 9
\BOOKMARK [3][-]{subsubsection.4.1.3}{\376\377\147\011\145\110\220\156\205\075\145\366\225\364\166\204\170\156\133\232}{subsection.4.1}% 10
\BOOKMARK [3][-]{subsubsection.4.1.4}{\376\377\154\102\211\343\155\101\172\013\123\312\176\323\147\234}{subsection.4.1}% 11
\BOOKMARK [2][-]{subsection.4.2}{\376\377\225\356\230\230\116\214\166\204\152\041\127\213\136\372\172\313\116\016\154\102\211\343}{section.4}% 12
\BOOKMARK [3][-]{subsubsection.4.2.1}{\376\377\121\263\173\126\123\330\221\317\116\016\166\356\150\007\121\375\145\160}{subsection.4.2}% 13
\BOOKMARK [3][-]{subsubsection.4.2.2}{\376\377\116\011\226\066\153\265\117\030\123\026\150\106\147\266}{subsection.4.2}% 14
\BOOKMARK [3][-]{subsubsection.4.2.3}{\376\377\152\041\127\213\154\102\211\343}{subsection.4.2}% 15
\BOOKMARK [2][-]{subsection.4.3}{\376\377\225\356\230\230\116\011\166\204\152\041\127\213\136\372\172\313\116\016\154\102\211\343}{section.4}% 16
\BOOKMARK [3][-]{subsubsection.4.3.1}{\376\377\121\263\173\126\123\330\221\317\116\016\166\356\150\007\121\375\145\160\166\204\157\024\217\333}{subsection.4.3}% 17
\BOOKMARK [3][-]{subsubsection.4.3.2}{\376\377\117\030\123\026\150\106\147\266\166\204\220\002\136\224\140\047\145\071\217\333}{subsection.4.3}% 18
\BOOKMARK [3][-]{subsubsection.4.3.3}{\376\377\152\041\127\213\154\102\211\343}{subsection.4.3}% 19
\BOOKMARK [2][-]{subsection.4.4}{\376\377\225\356\230\230\126\333}{section.4}% 20
\BOOKMARK [3][-]{subsubsection.4.4.1}{\376\377\126\333\226\066\153\265\122\006\134\102\117\030\123\026\150\106\147\266}{subsection.4.4}% 21
\BOOKMARK [3][-]{subsubsection.4.4.2}{\376\377\152\041\127\213\154\102\211\343}{subsection.4.4}% 22
\BOOKMARK [2][-]{subsection.4.5}{\376\377\225\356\230\230\116\224\166\204\152\041\127\213\136\372\172\313\116\016\154\102\211\343}{section.4}% 23
\BOOKMARK [3][-]{subsubsection.4.5.1}{\376\377\126\333\226\066\153\265\122\006\134\102\117\030\123\026\150\106\147\266}{subsection.4.5}% 24
\BOOKMARK [3][-]{subsubsection.4.5.2}{\376\377\152\041\127\213\154\102\211\343\116\016\176\323\147\234}{subsection.4.5}% 25
\BOOKMARK [1][-]{section.5}{\376\377\060\001\152\041\127\213\166\204\213\304\116\367\116\016\143\250\136\177}{}% 26
\BOOKMARK [2][-]{subsection.5.1}{\376\377\152\041\127\213\166\204\117\030\160\271}{section.5}% 27
\BOOKMARK [2][-]{subsection.5.2}{\376\377\152\041\127\213\166\204\116\015\215\263}{section.5}% 28
\BOOKMARK [2][-]{subsection.5.3}{\376\377\152\041\127\213\166\204\143\250\136\177}{section.5}% 29
